<?xml version="1.0" encoding="UTF-8"?>
<testsuite xmlns:xsi="http://www.w3.org/2001/XMLSchema-instance" xsi:noNamespaceSchemaLocation="https://maven.apache.org/surefire/maven-surefire-plugin/xsd/surefire-test-report-3.0.xsd" version="3.0" name="com.revature.bank.test.OracleTest" time="3.332" tests="16" errors="0" skipped="0" failures="0">
  <properties>
[...]
</properties>
  <testcase name="makeWithdrawalTest" classname="com.revature.bank.test.OracleTest" time="0.148"/>
  <testcase name="issueTransferTest" classname="com.revature.bank.test.OracleTest" time="0.273"/>
  <testcase name="addUserTest" classname="com.revature.bank.test.OracleTest" time="0.245"/>
  <testcase name="accountTransactionsLookupNoTransactionsTest" classname="com.revature.bank.test.OracleTest" time="0.211"/>
  <testcase name="userNameLookupNoSuchNameTest" classname="com.revature.bank.test.OracleTest" time="0.187"/>
  <testcase name="transactionLookupDoesNotExistTest" classname="com.revature.bank.test.OracleTest" time="0.198"/>
  <testcase name="makeDepositTest" classname="com.revature.bank.test.OracleTest" time="0.216"/>
  <testcase name="accountLookupTest" classname="com.revature.bank.test.OracleTest" time="0.209"/>
  <testcase name="userNameLookupTest" classname="com.revature.bank.test.OracleTest" time="0.215"/>
  <testcase name="accountLookupForUserTest" classname="com.revature.bank.test.OracleTest" time="0.217"/>
  <testcase name="accountLookupForNonexistentUserTest" classname="com.revature.bank.test.OracleTest" time="0.179"/>
  <testcase name="userIDLookupNoSuchIDTest" classname="com.revature.bank.test.OracleTest" time="0.214"/>
  <testcase name="accountTransactionsLookupNoSuchAccountTest" classname="com.revature.bank.test.OracleTest" time="0.203"/>
  <testcase name="userIDLookupTest" classname="com.revature.bank.test.OracleTest" time="0.2"/>
  <testcase name="addAccountTest" classname="com.revature.bank.test.OracleTest" time="0.203"/>
  <testcase name="noSuchAccountLookupTest" classname="com.revature.bank.test.OracleTest" time="0.197"/>
</testsuite>